0 info it worked if it ends with ok
1 verbose cli [ 'node',
1 verbose cli   '/Users/adam/.node/bin/npm',
1 verbose cli   'install',
1 verbose cli   '--save-dev',
1 verbose cli   'grunt-shell' ]
2 info using npm@1.3.14
3 info using node@v0.10.18
4 verbose node symlink /usr/bin/node
5 warn package.json ontheweb_manager@0.0.1 No repository field.
6 warn package.json ontheweb_manager@0.0.1 No README data
7 verbose readDependencies using package.json deps
8 verbose cache add [ 'grunt-shell', null ]
9 verbose cache add name=undefined spec="grunt-shell" args=["grunt-shell",null]
10 verbose parsed url { protocol: null,
10 verbose parsed url   slashes: null,
10 verbose parsed url   auth: null,
10 verbose parsed url   host: null,
10 verbose parsed url   port: null,
10 verbose parsed url   hostname: null,
10 verbose parsed url   hash: null,
10 verbose parsed url   search: null,
10 verbose parsed url   query: null,
10 verbose parsed url   pathname: 'grunt-shell',
10 verbose parsed url   path: 'grunt-shell',
10 verbose parsed url   href: 'grunt-shell' }
11 silly lockFile 1af6c097-grunt-shell grunt-shell
12 verbose lock grunt-shell /Users/adam/.npm/1af6c097-grunt-shell.lock
13 silly lockFile 1af6c097-grunt-shell grunt-shell
14 silly lockFile 1af6c097-grunt-shell grunt-shell
15 verbose addNamed [ 'grunt-shell', '' ]
16 verbose addNamed [ null, '*' ]
17 silly lockFile 9b13ef1a-grunt-shell grunt-shell@
18 verbose lock grunt-shell@ /Users/adam/.npm/9b13ef1a-grunt-shell.lock
19 silly addNameRange { name: 'grunt-shell', range: '*', hasData: false }
20 verbose url raw grunt-shell
21 verbose url resolving [ 'https://registry.npmjs.org/', './grunt-shell' ]
22 verbose url resolved https://registry.npmjs.org/grunt-shell
23 info trying registry request attempt 1 at 22:58:17
24 http GET https://registry.npmjs.org/grunt-shell
25 http 403 https://registry.npmjs.org/grunt-shell
26 silly registry.get cb [ 403,
26 silly registry.get   { date: 'Tue, 28 Jan 2014 22:58:19 GMT',
26 silly registry.get     server: 'Manta',
26 silly registry.get     'content-type': 'application/json',
26 silly registry.get     'content-md5': 'nDFDq9RxJQdBvo65v366bg==',
26 silly registry.get     'x-request-id': 'add28810-886f-11e3-8590-4d2aead74bb9',
26 silly registry.get     'x-response-time': '86',
26 silly registry.get     'x-server-name': '60771e58-2ad0-4c50-8b23-86b72f9307f8',
26 silly registry.get     'cache-control': 'max-age=3600',
26 silly registry.get     'content-length': '90',
26 silly registry.get     'accept-ranges': 'bytes',
26 silly registry.get     via: '1.1 varnish',
26 silly registry.get     age: '0',
26 silly registry.get     'x-served-by': 'cache-lo81-LHR',
26 silly registry.get     'x-cache': 'MISS',
26 silly registry.get     'x-cache-hits': '0',
26 silly registry.get     'x-timer': 'S1390949898.904131413,VS0,VE161',
26 silly registry.get     'keep-alive': 'timeout=10, max=50',
26 silly registry.get     connection: 'Keep-Alive' } ]
27 silly addNameRange number 2 { name: 'grunt-shell', range: '*', hasData: true }
28 silly addNameRange versions [ undefined, [] ]
29 error TypeError: Cannot read property 'latest' of undefined
29 error     at next (/Users/adam/.node/lib/node_modules/npm/lib/cache.js:687:35)
29 error     at /Users/adam/.node/lib/node_modules/npm/lib/cache.js:675:5
29 error     at saved (/Users/adam/.node/lib/node_modules/npm/node_modules/npm-registry-client/lib/get.js:142:7)
29 error     at /Users/adam/.node/lib/node_modules/npm/node_modules/graceful-fs/polyfills.js:133:7
29 error     at Object.oncomplete (fs.js:107:15)
30 error If you need help, you may report this log at:
30 error     <http://github.com/isaacs/npm/issues>
30 error or email it to:
30 error     <npm-@googlegroups.com>
31 error System Darwin 12.5.0
32 error command "node" "/Users/adam/.node/bin/npm" "install" "--save-dev" "grunt-shell"
33 error cwd /Users/adam/Sites/jobs/theelders-ontheweb/client_apps/manager
34 error node -v v0.10.18
35 error npm -v 1.3.14
36 error type non_object_property_load
37 verbose exit [ 1, true ]
